7646 xx
       0.00000000   -7123.11168340    2267.78419303      -0.00125287 -1.359675064 -4.463242547  5.528732484
      94.69228327   -5317.83665113    4352.94536823   -2965.60571055 -4.809069417 -2.621739527  4.709670591  2019  9  5  0: 0: 0.000000 
      95.19228327   -5459.81033278    4272.44461680   -2823.06035775 -4.655355935 -2.744757112  4.792433276  2019  9  5  0: 0:29.999998 
      95.69228327   -5597.11289007    4188.28878221   -2678.09387280 -4.497686014 -2.865405875  4.871071945  2019  9  5  0: 0:59.999996 
      96.19228327   -5729.62755942    4100.55037936   -2530.83092361 -4.336187694 -2.983589399  4.945524330  2019  9  5  0: 1:29.999995 
      96.69228327   -5857.24145898    4009.30478822   -2381.39800059 -4.170991677 -3.099213028  5.015731136  2019  9  5  0: 1:59.999993 
      97.19228327   -5979.84566715    3914.63020026   -2229.92332702 -4.002231259 -3.212183913  5.081636071  2019  9  5  0: 2:29.999991 
      97.69228327   -6097.33529932    3816.60756340   -2076.53676850 -3.830042262 -3.322411066  5.143185874  2019  9  5  0: 2:59.999989 
      98.19228327   -6209.60958247    3715.32052563   -1921.36974153 -3.654562971 -3.429805401  5.200330349  2019  9  5  0: 3:29.999987 
      98.69228327   -6316.57192787    3610.85537707   -1764.55512118 -3.475934061 -3.534279787  5.253022394  2019  9  5  0: 3:59.999986 
      99.19228327   -6418.13000165    3503.30099071   -1606.22714792 -3.294298538 -3.635749095  5.301218028  2019  9  5  0: 4:29.999984 
      99.69228327   -6514.19579341    3392.74876167   -1446.52133351 -3.109801661 -3.734130245  5.344876424  2019  9  5  0: 4:59.999982 
     100.19228327   -6604.68568273    3279.29254503   -1285.57436609 -2.922590877 -3.829342256  5.383959935  2019  9  5  0: 5:29.999980 
     100.69228327   -6689.52050360    3163.02859217   -1123.52401433 -2.732815751 -3.921306293  5.418434127  2019  9  5  0: 6: 0.000019 
     101.19228327   -6768.62560667    3044.05548578    -960.50903078 -2.540627892 -4.009945719  5.448267805  2019  9  5  0: 6:30.000017 
     101.69228327   -6841.93091943    2922.47407326    -796.66905431 -2.346180880 -4.095186140  5.473433043  2019  9  5  0: 7: 0.000015 
     102.19228327   -6909.37100414    2798.38739880    -632.14451175 -2.149630195 -4.176955456  5.493905212  2019  9  5  0: 7:30.000013 
     102.69228327   -6970.88511355    2671.90063390    -467.07651864 -1.951133136 -4.255183911  5.509663008  2019  9  5  0: 8: 0.000012 
     103.19228327   -7026.41724432    2543.12100647    -301.60677918 -1.750848749 -4.329804139  5.520688481  2019  9  5  0: 8:30.000010 
     103.69228327   -7075.91618820    2412.15772842    -135.87748534 -1.548937749 -4.400751219  5.526967060  2019  9  5  0: 9: 0.000008 
     104.19228327   -7119.33558078    2279.12192181      29.96878486 -1.345562433 -4.467962721  5.528487584  2019  9  5  0: 9:30.000006 
     104.69228327   -7156.63394786    2144.12654344     195.78916980 -1.140886606 -4.531378754  5.525242321  2019  9  5  0:10: 0.000004 
     105.19228327   -7187.77474933    2007.28630807     361.44062758 -0.935075494 -4.590942021  5.517227002  2019  9  5  0:10:30.000003 
     105.69228327   -7212.72642060    1868.71760999     526.78004005 -0.728295657 -4.646597864  5.504440840  2019  9  5  0:11: 0.000001 
     106.19228327   -7231.46241137    1728.53844326     691.66431763 -0.520714906 -4.698294318  5.486886559  2019  9  5  0:11:29.999999 
     106.69228327   -7243.96122184    1586.86832030     855.95050479 -0.312502209 -4.745982157  5.464570412  2019  9  5  0:11:59.999997 
     107.19228327   -7250.20643617    1443.82818911    1019.49588632 -0.103827601 -4.789614946  5.437502211  2019  9  5  0:12:29.999996 
     107.69228327   -7250.18675324    1299.54034888    1182.15809420  0.105137908 -4.829149090  5.405695340  2019  9  5  0:12:59.999994 
     108.19228327   -7243.89601448    1154.12836423    1343.79521519  0.314222429 -4.864543884  5.369166786  2019  9  5  0:13:29.999992 
     108.69228327   -7231.33322892    1007.71697783    1504.26589898  0.523253297 -4.895761562  5.327937147  2019  9  5  0:13:59.999990 
     109.09228295   -7216.76978672     889.95291922    1631.70794766  0.690322757 -4.917704690  5.291584852  2019  9  5  0:14:23.999981 
