7646 xx
       0.00000000   -7123.11168340    2267.78419303      -0.00125287 -1.359675064 -4.463242547  5.528732484
   -1440.00000000   -4644.66132693   -3045.90486513    4805.47929009  5.641174225 -3.809308191  2.801077531    7332.222135 0.021118   49.81539  166.30826  154.70591  264.21242  266.62373  2019  9  3 22:25:18.463004 
   -1420.00000000    3589.28733791   -4569.10594518    4241.67314252  6.334890805  1.652291136 -3.688229534    7333.546097 0.020832   49.82018  166.21104  153.86064  335.62926  336.60046  2019  9  3 22:45:18.463013 
   -1400.00000000    6941.90579319      42.41649007   -2011.63532191 -1.466794581  5.014916480 -5.355566269    7338.516145 0.021195   49.83625  166.19392  155.97645   45.38214   43.67250  2019  9  3 23: 5:18.463022 
   -1380.00000000    1024.71123923    4664.27899917   -5650.38661619 -7.090017032  1.762070236 -0.012038337    7329.419606 0.021098   49.80615  166.12291  153.49848  117.46095  115.30008  2019  9  3 23:25:18.462990 
   -1360.00000000   -6290.07261491    3439.58808102   -2158.93184848 -3.678251517 -3.533173952  5.113275954    7338.268276 0.020308   49.83591  166.05296  154.99830  182.83350  182.95031  2019  9  3 23:45:18.462999 
   -1340.00000000   -5890.10223349   -1996.41594323    3977.81094176  4.320046506 -4.456772956  3.887737451    7334.704889 0.021069   49.82359  166.03672  154.02279  250.82257  253.11468  2019  9  4  0: 5:18.463008 
   -1320.00000000    1905.54859042   -4834.52432812    5003.98105272  7.064807963  0.378050817 -2.465742581    7331.085962 0.020594   49.81223  165.94189  154.74409  320.02820  321.52640  2019  9  4  0:25:18.463017 
   -1300.00000000    7070.89118194   -1216.71270843    -641.48442447  0.401833570  4.863083186 -5.705454935    7339.847032 0.021497   49.84038  165.90959  155.90039   30.79107   29.54731  2019  9  4  0:45:18.462986 
   -1280.00000000    2742.86193488    4081.88347086   -5478.36841065 -6.617124850  2.867478261 -1.377822584    7329.881621 0.020870   49.80791  165.85949  153.69927  103.24898  100.91293  2019  9  4  1: 5:18.462995 
   -1260.00000000   -5192.25516634    4228.12195731   -3343.27169602 -5.043527047 -2.609831583  4.464940726    7336.241527 0.020600   49.82899  165.77311  155.64625  168.57886  168.10425  2019  9  4  1:25:18.463004 
   -1240.00000000   -6772.65016561    -817.12567007    2911.91387881  2.755694071 -4.816985256  4.728144363    7337.109150 0.020833   49.83169  165.75986  153.55013  237.36405  239.39136  2019  9  4  1:45:18.463013 
   -1220.00000000      98.96984877   -4773.47547676    5445.48803458  7.324989409 -0.911904958 -1.099059587    7329.576119 0.020585   49.80722  165.67711  155.72548  304.42875  306.35748  2019  9  4  2: 5:18.463022 
   -1200.00000000    6732.34044699   -2396.43352303     770.07982940  2.257132002  4.376808434 -5.688321167    7339.811722 0.021610   49.84017  165.62385  155.36706   16.57399   15.87843  2019  9  4  2:25:18.462990 
   -1180.00000000    4288.98324739    3237.76283577   -4975.97594812 -5.725727214  3.809032355 -2.681218680    7331.483911 0.020687   49.81340  165.59380  154.49198   88.30041   85.93219  2019  9  4  2:45:18.462999 
   -1160.00000000   -3790.05692904    4761.74633469   -4335.34952575 -6.112245053 -1.522550895  3.558118881    7333.850998 0.020931   49.82083  165.49805  155.73595  154.85375  153.81989  2019  9  4  3: 5:18.463008 
   -1140.00000000   -7244.02113483     417.03292578    1673.93171822  1.046583468 -4.874642650  5.280614854    7338.902230 0.020510   49.83785  165.47843  153.60477  223.50145  225.13747  2019  9  4  3:25:18.463017 
   -1120.00000000   -1711.65762084   -4392.91819225    5542.10095115  7.109673185 -2.128465310  0.318921451    7329.369326 0.020767   49.80634  165.41425  156.31756  289.34552  291.57926  2019  9  4  3:45:18.462986 
   -1100.00000000    5946.38422795   -3415.18572528    2131.56845087  3.967557818  3.586264103 -5.300525023    7338.390972 0.021467   49.83562  165.33972  154.80149    2.34183    2.24291  2019  9  4  4: 5:18.462995 
   -1080.00000000    5563.54184658    2181.72613298   -4168.64137238 -4.459007055  4.519974077 -3.840212670    7333.893998 0.020684   49.82139  165.32370  155.63426   72.85316   70.59872  2019  9  4  4:25:18.463004 
   -1060.00000000   -2165.71066581    5006.13077095   -5077.09878781 -6.822748246 -0.332410332  2.440057520    7331.603913 0.021159   49.81324  165.22800  155.37374  141.51875  139.99107  2019  9  4  4:45:18.463013 
   -1040.00000000   -7281.05586071    1629.39447323     338.13717120 -0.705655209 -4.631993493  5.520576670    7339.716081 0.020249   49.84073  165.19417  154.26115  209.13495  210.27978  2019  9  4  5: 5:18.463022 
   -1020.00000000   -3410.44606644   -3721.32058547    5292.61728459  6.446512725 -3.191923606  1.696539262    7330.459968 0.020995   49.80970  165.15043  156.28689  275.03007  277.42317  2019  9  4  5:25:18.462990 
   -1000.00000000    4765.06654444   -4202.22623066    3354.16368360  5.411112172  2.546990845 -4.567385690    7335.962327 0.021131   49.82789  165.05984  154.63992  347.69832  348.20635  2019  9  4  5:45:18.462999 
    -980.00000000    6481.29529325     979.25930314   -3101.67091118 -2.887691900  4.944621390 -4.776482894    7336.544675 0.020899   49.82997  165.04806  156.65240   57.38568   55.38545  2019  9  4  6: 5:18.463008 
    -960.00000000    -414.77502153    4943.29162697   -5523.47626850 -7.130008832  0.892686158  1.169254170    7329.994979 0.021197   49.80793  164.96212  154.87548  128.22823  126.30129  2019  9  4  6:25:18.463017 
    -940.00000000   -6885.84851074    2745.82441828   -1017.24153973 -2.401172105 -4.107324347  5.440156041    7339.404311 0.020175   49.83976  164.90936  155.29427  194.45912  195.04494  2019  9  4  6:45:18.462986 
    -920.00000000   -4892.12148225   -2805.63164944    4717.57604399  5.391199222 -4.037046565  2.949871173    7332.521889 0.021110   49.81637  164.88319  155.75450  261.36921  263.76642  2019  9  4  7: 5:18.462995 
    -900.00000000    3268.40478133   -4703.47816355    4358.69186453  6.487273803  1.334780279 -3.541110451    7333.191201 0.020772   49.81904  164.78569  155.10233  332.46444  333.54982  2019  9  4  7:25:18.463004 
    -880.00000000    6978.00991908    -292.00556903   -1838.57309062 -1.108370834  5.044267064 -5.421853891    7338.757819 0.021236   49.83700  164.76709  157.12913   42.32934   40.70982  2019  9  4  7:45:18.463013 
    -860.00000000    1358.36349921    4573.05466032   -5645.06579890 -7.008347185  2.080360338 -0.185985927    7329.407844 0.021050   49.80615  164.69861  154.62577  114.57264  112.36462  2019  9  4  8: 5:18.463022 
    -840.00000000   -6084.75874143    3698.55745142   -2314.02020688 -3.945934565 -3.333136699  5.047295496    7338.053497 0.020326   49.83517  164.62633  156.28335  179.86116  179.85543  2019  9  4  8:25:18.462990 
    -820.00000000   -6068.19557345   -1707.22904971    3856.72831135  4.020730712 -4.616062095  4.007413111    7335.023758 0.021029   49.82466  164.61097  155.07983  248.00105  250.24843  2019  9  4  8:45:18.462999 
    -800.00000000    1557.78840361   -4885.74571822    5081.64813963  7.126064058  0.038040384 -2.295367985    7330.825972 0.020566   49.81138  164.51721  156.03916  316.82848  318.42284  2019  9  4  9: 5:18.463008 
    -780.00000000    7016.35282880   -1547.27864327    -457.70733162  0.761545176  4.802627634 -5.725302950    7339.925944 0.021519   49.84062  164.48241  156.96064   27.81106   26.67683  2019  9  4  9:25:18.463017 
    -760.00000000    3045.68934367    3913.85101365   -5430.27381062 -6.454293779  3.156689243 -1.549500840    7330.023560 0.020819   49.80842  164.43505  154.91598  100.24193   97.88794  2019  9  4  9:45:18.462986 
    -740.00000000   -4926.51866038    4429.56199282   -3477.80565741 -5.255028741 -2.354215788  4.364657423    7335.956136 0.020633   49.82801  164.34703  156.84846  165.68604  165.09259  2019  9  4 10: 5:18.462995 
    -720.00000000   -6871.40296327    -497.33590408    2765.57841777  2.426425719 -4.899840000  4.812969627    7337.374973 0.020770   49.83260  164.33348  154.67387  234.50270  236.45797  2019  9  4 10:25:18.463004 
    -700.00000000    -252.36473669   -4738.83689829    5479.57136945  7.292873232 -1.250897416 -0.917647549    7329.474814 0.020592   49.80686  164.25283  156.99325  301.28099  303.28152  2019  9  4 10:45:18.463013 
    -680.00000000    6590.07168130   -2700.79933797     952.75240370  2.592469817  4.229620260 -5.659334883    7339.700503 0.021594   49.83981  164.19670  156.39187   13.61692   13.04341  2019  9  4 11: 5:18.463022 
    -660.00000000    4541.46111227    3002.66537195   -4886.94429478 -5.489327644  4.049977612 -2.840106938    7331.755657 0.020657   49.81431  164.16891  155.78384   85.18725   82.83172  2019  9  4 11:25:18.462990 
    -640.00000000   -3479.58889067    4893.41948920   -4441.46519358 -6.255469552 -1.225685726  3.428473215    7333.553804 0.020958   49.81982  164.07260  156.85243  152.03636  150.89443  2019  9  4 11:45:18.462999 
    -620.00000000   -7258.43417994     747.68936760    1511.40612802  0.707406503 -4.877704024  5.327044299    7339.060355 0.020445   49.83841  164.05159  154.82418  220.56655  222.10808  2019  9  4 12: 5:18.463008 
    -600.00000000   -2043.58048769   -4275.52389389    5531.41121169  6.988823979 -2.444016486  0.499092381    7329.443689 0.020792   49.80655  163.99000  157.49934  286.31279  288.58932  2019  9  4 12:25:18.463017 
    -580.00000000    5725.62682689   -3672.64932980    2301.21154602  4.254156827  3.362293962 -5.224298435    7338.117316 0.021413   49.83475  163.91300  155.86527  359.34146  359.36922  2019  9  4 12:45:18.462986 
    -560.00000000    5748.71602304    1893.90418249   -4043.13042912 -4.161891062  4.695514219 -3.975670895    7334.235943 0.020690   49.82250  163.89814  156.93862   69.69682   67.48527  2019  9  4 13: 5:18.462995 
    -540.00000000   -1828.84912381    5059.71526198   -5148.31851063 -6.888786343 -0.011035742  2.287390589    7331.358165 0.021161   49.81242  163.80314  156.44121  138.73360  137.11505  2019  9  4 13:25:18.463004 
    -520.00000000   -7211.13417344    1950.89775568     169.09662096 -1.035075837 -4.556326618  5.527116562    7339.737735 0.020206   49.84083  163.76714  155.55994  206.13685  207.17086  2019  9  4 13:45:18.463013 
    -500.00000000   -3701.89793940   -3529.60626983    5238.89200192  6.247440050 -3.464285964  1.864135223    7330.680927 0.021010   49.81040  163.72586  157.37915  272.11816  274.52254  2019  9  4 14: 5:18.463022 
    -480.00000000    4480.75408407   -4395.37391112    3499.73919192  5.628344776  2.262261394 -4.449457908    7335.602046 0.021061   49.82675  163.63381  155.79786  344.60804  345.23899  2019  9  4 14:25:18.462990 
    -460.00000000    6586.08632929     656.94923269   -2946.69355063 -2.547770595  5.041172249 -4.878579763    7336.872048 0.020934   49.83102  163.62177  157.89315   54.26449   52.33508  2019  9  4 14:45:18.462999 
    -440.00000000     -71.64363695    4914.91737264   -5555.04717603 -7.113621659  1.220004588  1.001252077    7329.857124 0.021167   49.80749  163.53768  155.95167  125.41197  123.41683  2019  9  4 15: 5:18.463008 
    -420.00000000   -6736.39851177    3038.94379492   -1182.99143808 -2.702370795 -3.958089546  5.407183175    7339.289093 0.020166   49.83937  163.48242  156.61523  191.44836  191.91393  2019  9  4 15:25:18.463017 
    -400.00000000   -5125.27528225   -2552.54438573    4625.15187677  5.128907467 -4.250248369  3.095209683    7332.827664 0.021097   49.81737  163.45804  156.80126  258.53424  260.91089  2019  9  4 15:45:18.462986 
    -380.00000000    2939.95870276   -4819.53039478    4470.95890572  6.620248993  1.009837181 -3.390360112    7332.844146 0.020716   49.81793  163.36044  156.35799  329.28897  330.48528  2019  9  4 16: 5:18.462995 
    -360.00000000    6994.39427220    -627.75472351   -1663.40275789 -0.747811743  5.053295209 -5.482376638    7338.981758 0.021275   49.83770  163.34019  158.26594   39.28784   37.76297  2019  9  4 16:25:18.463004 
    -340.00000000    1686.84331771    4463.67536724   -5634.28135236 -6.908481817  2.393956766 -0.360390041    7329.415476 0.020999   49.80621  163.27432  155.76595  111.66556  109.41628  2019  9  4 16:45:18.463013 
    -320.00000000   -5865.00298072    3945.83144498   -2466.97967801 -4.202289823 -3.119193306  4.976882253    7337.827291 0.020348   49.83440  163.19977  157.55865  176.89846  176.77035  2019  9  4 17: 5:18.463022 
    -300.00000000   -6229.39994167   -1409.18979116    3732.07756107  3.713240157 -4.758537614  4.122862220    7335.339046 0.020984   49.82572  163.18515  156.14492  245.17734  247.37409  2019  9  4 17:25:18.462990 
    -280.00000000    1207.50692344   -4917.44783729    5153.86577067  7.166840421 -0.304058511 -2.122980528    7330.584389 0.020543   49.81059  163.09260  157.33656  313.63115  315.31702  2019  9  4 17:45:18.462999 
    -260.00000000    6942.25614747   -1874.03592243    -273.32625547  1.117817659  4.721869505 -5.738795378    7339.980288 0.021535   49.84077  163.05520  158.01137   24.83740   23.81586  2019  9  4 18: 5:18.463008 
    -240.00000000    3338.91618709    3729.40935084   -5376.75945352 -6.274591825  3.436722075 -1.720334846    7330.184448 0.020769   49.80899  163.01057  156.14703   97.21417   94.84859  2019  9  4 18:25:18.463017 
    -220.00000000   -4649.56544521    4616.17432992   -3609.17795064 -5.452288641 -2.087690396  4.260434160    7335.665760 0.020667   49.82701  162.92103  158.03732  162.80500  162.09436  2019  9  4 18:45:18.462986 
    -200.00000000   -6951.76195896    -173.09383033    2616.78034093  2.093376006 -4.964668372  4.893089688    7337.629456 0.020705   49.83348  162.90703  155.81245  231.63149  233.50970  2019  9  4 19: 5:18.462995 
    -180.00000000    -601.10569397   -4684.82393633    5507.91615055  7.240754471 -1.586696096 -0.735887883    7329.396559 0.020604   49.80657  162.82858  158.25151  298.14853  300.21510  2019  9  4 19:25:18.463004 
    -160.00000000    6429.80445103   -2996.42439603    1134.44353222  2.918895504  4.063732149 -5.623941026    7339.565001 0.021570   49.83937  162.76959  157.41862   10.65639   10.20648  2019  9  4 19:45:18.463013 
    -140.00000000    4780.38730325    2753.99579311   -4792.87098462 -5.238528756  4.277592818 -2.996750219    7332.041023 0.020632   49.81527  162.74394  157.08324   82.06010   79.72367  2019  9  4 20: 5:18.463022 
    -120.00000000   -3161.77860773    5007.96340000   -4543.52635174 -6.382218332 -0.921508987  3.295537516    7333.259213 0.020981   49.81882  162.64723  157.95875  149.22615  147.97920  2019  9  4 20:25:18.462990 
    -100.00000000   -7254.05771308    1078.22439548    1347.60781760  0.368846756 -4.862560049  5.368549076    7339.202421 0.020383   49.83891  162.62471  156.05899  217.62006  219.06325  2019  9  4 20:45:18.462999 
     -80.00000000   -2368.09227936   -4140.17615391    5515.09305432  6.849828258 -2.751558567  0.678060404    7329.539226 0.020816   49.80682  162.56572  158.66726  283.30031  285.61324  2019  9  4 21: 5:18.463008 
     -60.00000000    5489.73657354   -3917.03316775    2468.34592725  4.527004203  3.122710404 -5.142186916    7337.827094 0.021354   49.83383  162.48635  156.94197  356.32844  356.48267  2019  9  4 21:25:18.463017 
     -40.00000000    5917.15174822    1596.31405389   -3913.30390178 -3.853973407  4.854236158 -4.107481594    7334.581781 0.020701   49.82363  162.47248  158.23837   66.53892   64.37636  2019  9  4 21:45:18.462986 
     -20.00000000   -1488.98436774    5094.83599445   -5214.77064798 -6.936904869  0.313573841  2.132251129    7331.122616 0.021157   49.81164  162.37835  157.50638  135.94653  134.24138  2019  9  4 22: 5:18.462995 
       0.00000000   -7123.11168340    2267.78419303      -0.00125287 -1.359675064 -4.463242547  5.528732484    7339.742037 0.020168   49.84086  162.34010  156.86754  203.13245  204.05314  2019  9  4 22:25:18.463004 
      20.00000000   -3981.73226442   -3322.47809528    5180.00404384  6.033182856 -3.724592976  2.029206223    7330.916114 0.021022   49.81115  162.30122  158.46187  269.22235  271.63141  2019  9  4 22:45:18.463013 
      40.00000000    4185.25928995   -4572.03681745    3641.47400188  5.828092185  1.966206355 -4.326687353    7335.237879 0.020991   49.82559  162.20788  156.97344  341.50215  342.25406  2019  9  4 23: 5:18.463022 
      60.00000000    6671.98461034     329.43147211   -2788.45910752 -2.201634671  5.118426802 -4.975763054    7337.191282 0.020971   49.83203  162.19538  159.11961   51.15217   49.29896  2019  9  4 23:25:18.462990 
      80.00000000     269.90037324    4867.81402827   -5581.35995872 -7.078774585  1.546153248  0.831773127    7329.735674 0.021134   49.80711  162.11328  157.03478  122.58354  120.52550  2019  9  4 23:45:18.462999 
     100.00000000   -6570.55128088    3323.26157990   -1347.60730418 -2.994897554 -3.793107001  5.369473371    7339.158461 0.020163   49.83893  162.05552  157.93426  188.44059  188.78488  2019  9  5  0: 5:18.463008 
     120.00000000   -5343.45455670   -2287.48217638    4528.32132357  4.855181961 -4.448307821  3.236990151    7333.138193 0.021079   49.81839  162.03280  157.84776  255.70585  258.05556  2019  9  5  0:25:18.463017 
     140.00000000    2605.04288905   -4916.87810874    4578.36156763  6.733440491  0.678638526 -3.236194220    7332.506589 0.020663   49.81684  161.93528  157.62623  326.10458  327.40824  2019  9  5  0:45:18.462986 
     160.00000000    6990.98042803    -963.68844108   -1486.31325599 -0.386336177  5.041868858 -5.537017120    7339.186675 0.021313   49.83833  161.91323  159.38734   36.25747   34.83151  2019  9  5  1: 5:18.462995 
     180.00000000    2009.13507925    4336.43021363   -5618.01510558 -6.790630434  2.701841741 -0.535097895    7329.442777 0.020947   49.80634  161.85002  156.91976  108.73884  106.45431  2019  9  5  1:25:18.463004 
     200.00000000   -5631.46284552    4180.63931408   -2617.68027421 -4.446606441 -2.891958022  4.902083314    7337.590322 0.020373   49.83358  161.77327  158.82318  173.94610  173.69609  2019  9  5  1:45:18.463013 
     220.00000000   -6373.28081721   -1103.25952243    3603.99320962  3.398541055 -4.883833109  4.234023584    7335.649678 0.020934   49.82676  161.75923  157.21937  242.34996  244.49034  2019  9  5  2: 5:18.463022 
     240.00000000     855.84851355   -4929.54751308    5220.57676734  7.187108966 -0.647040834 -1.948809517    7330.362156 0.020527   49.80985  161.66806  158.63423  310.43853  312.21099  2019  9  5  2:25:18.462990 
     260.00000000    6848.83347154   -2195.85255104     -88.55085061  1.469413943  4.621027547 -5.745885356    7340.009617 0.021545   49.84085  161.62799  159.05416   21.86883   20.96282  2019  9  5  2:45:18.462999 
     280.00000000    3621.61132244    3529.09847892   -5317.84791996 -6.078482779  3.706607918 -1.890147376    7330.363960 0.020722   49.80962  161.58605  157.39195   94.16613   91.79534  2019  9  5  3: 5:18.463008 
     300.00000000   -4362.21407918    4787.36124688   -3737.27184292 -5.634740691 -1.811014509  4.152332617    7335.371249 0.020701   49.82600  161.49511  159.21286  159.93538  159.10951  2019  9  5  3:25:18.463017 
     320.00000000   -7013.53962648     154.57706524    2465.66468484  1.757535531 -5.011340814  4.968477910    7337.871891 0.020639   49.83432  161.48052  156.96641  228.74965  230.54600  2019  9  5  3:45:18.462986 
     340.00000000    -946.14307518   -4611.64917581    5530.52062996  7.168928816 -1.918166393 -0.553996821    7329.341388 0.020618   49.80636  161.40434  159.49899  295.03276  297.15947  2019  9  5  4: 5:18.462995 
     360.00000000    6252.07200765   -3282.27567244    1314.94203706  3.235269254  3.879708918 -5.582175342    7339.405840 0.021540   49.83886  161.34251  158.44924    7.69084    7.36573  2019  9  5  4:25:18.463004 
     380.00000000    5004.97944633    2492.52399783   -4693.82433059 -4.974048992  4.491028696 -3.150956956    7332.339022 0.020612   49.81626  161.31889  158.38850   78.92064   76.60969  2019  9  5  4:45:18.463013 
     400.00000000   -2837.56606171    5104.98659522   -4641.43348917 -6.492095892 -0.610898577  3.159391591    7332.968164 0.021001   49.81783  161.22194  159.05586  146.42190  145.07324  2019  9  5  5: 5:18.463022 
     420.00000000   -7230.95098535    1407.61049035    1182.68484292  0.031870312 -4.829305400  5.405128976    7339.328140 0.020323   49.83936  161.19780  157.30866  214.66229  216.00357  2019  9  5  5:25:18.462990 
     440.00000000   -2684.19270712   -3987.35531944    5493.19432658  6.693253684 -3.050105748  0.855641745    7329.655195 0.020840   49.80716  161.14141  159.82150  280.30796  282.65082  2019  9  5  5:45:18.462999 
     460.00000000    5239.50901583   -4147.48509156    2632.77939449  4.785167594  2.868377351 -5.054306787    7337.521815 0.021292   49.83286  161.05978  158.03290  353.30182  353.58195  2019  9  5  6: 5:18.463008 
     480.00000000    6068.27709317    1289.91590047   -3779.27739416 -3.536204938  4.995487062 -4.235456561    7334.930009 0.020717   49.82476  161.04673  159.53165   63.38146   61.27387  2019  9  5  6:25:18.463017 
     500.00000000   -1147.13165211    5111.33383044   -5276.37794966 -6.966904815  0.640452935  1.974741768    7330.898159 0.021149   49.81090  160.95362  158.57064  133.15589  131.36866  2019  9  5  6:45:18.462986 
     520.00000000   -7017.28310316    2579.07635966    -169.01094074 -1.678550985 -4.353041987  5.525443671    7339.729086 0.020135   49.84083  160.91306  158.18243  200.12296  200.92814  2019  9  5  7: 5:18.462995 
     540.00000000   -4249.11855207   -3100.63960089    5116.04136290  5.804514017 -3.972060888  2.191611174    7331.164347 0.021030   49.81194  160.87651  159.53630  266.34138  268.74853  2019  9  5  7:25:18.463004 
     560.00000000    3879.57644193   -4731.60903758    3779.21306928  6.009715056  1.659906016 -4.199254704    7334.871692 0.020922   49.82443  160.78205  158.16657  338.38108  339.25166  2019  9  5  7:45:18.463013 
     580.00000000    6738.68120086      -2.20233433   -2627.12686740 -1.850416183  5.176002230 -5.067871633    7337.500754 0.021010   49.83301  160.76891  160.33094   48.04976   46.27791  2019  9  5  8: 5:18.463022 
     600.00000000     608.81911504    4802.07205433   -5602.36580278 -7.025490288  1.870118377  0.660946802    7329.631288 0.021096   49.80679  160.68891  158.12610  119.74145  117.62599  2019  9  5  8:25:18.462990 
     620.00000000   -6388.81666709    3597.89960956   -1510.95028923 -3.277947208 -3.612862622  5.327060843    7339.012846 0.020165   49.83843  160.62866  159.24974  185.43712  185.65941  2019  9  5  8:45:18.462999 
     640.00000000   -5546.04137259   -2011.31688000    4427.20149848  4.570930541 -4.630672214  3.375116026    7333.452226 0.021056   49.81943  160.60748  158.89557  252.88236  255.19888  2019  9  5  9: 5:18.463008 
     660.00000000    2264.76993657   -4995.20316194    4680.79475762  6.826549367  0.342377017 -3.078831746    7332.180109 0.020616   49.81579  160.51022  158.90544  322.91315  324.32030  2019  9  5  9:25:18.463017 
     680.00000000    6967.75828451   -1298.65904187   -1307.49774217 -0.025175706  5.009932136 -5.585666719    7339.371366 0.021348   49.83890  160.48621  160.49399   33.23782   31.91476  2019  9  5  9:45:18.462986 
     700.00000000    2324.23681704    4191.66531399   -5596.25354773 -6.655058818  3.003003289 -0.709952064    7329.489958 0.020894   49.80654  160.42571  158.08778  105.79179  103.47812  2019  9  5 10: 5:18.462995 
     720.00000000   -5384.83544676    4402.24592114   -2765.99320008 -4.678204039 -2.652079783  4.822946525    7337.343277 0.020401   49.83273  160.34683  160.07606  171.00465  170.63353  2019  9  5 10:25:18.463004 
     740.00000000   -6499.45837796    -790.41885293    3472.61094215  3.077610547 -4.991635963  4.340840990    7335.954625 0.020881   49.82780  160.33324  158.30443  239.51750  241.59592  2019  9  5 10:45:18.463013 
     760.00000000     503.95710918   -4922.02901017    5281.73179318  7.186916536 -0.989708816 -1.773083065    7330.160092 0.020516   49.80917  160.24358  159.93016  307.25286  309.10675  2019  9  5 11: 5:18.463022 
     780.00000000    6736.38559629   -2511.61102227      96.40755889  1.815108946  4.500399194 -5.746537636    7340.013624 0.021550   49.84085  160.20076  160.09074   18.90398   18.11600  2019  9  5 11:25:18.462990 
     800.00000000    3892.87160964    3313.51212572   -5253.56753644 -5.866487841  3.965398648 -2.058757291    7330.561683 0.020678   49.81030  160.16147  158.65006   91.09845   88.72887  2019  9  5 11:45:18.462999 
     820.00000000   -4065.31430267    4942.56866073   -3861.97204943 -5.801855340 -1.524976295  4.040415922    7335.073472 0.020734   49.82498  160.06926  160.37530  157.07669  156.13782  2019  9  5 12: 5:18.463008 
     840.00000000   -7056.60434969     484.64734895    2312.37662290  1.419893946 -5.039779508  5.039111030    7338.101622 0.020572   49.83511  160.05394  158.13615  225.85656  227.56649  2019  9  5 12:25:18.463017 
     860.00000000   -1286.38514735   -4519.58825525    5547.39014787  7.077757723 -2.244200595 -0.372185967    7329.309216 0.020636   49.80622  159.98011  160.73466  291.93489  294.11569  2019  9  5 12:45:18.462986 
     880.00000000    6057.46985567   -3557.35374606    1494.03809263  3.540488391  3.678187319 -5.534085973    7339.223784 0.021504   49.83828  159.91548  159.48562    4.71875    4.51924  2019  9  5 13: 5:18.462995 
     900.00000000    5214.49728330    2219.06633020   -4589.87914101 -4.696660933  4.689473426 -3.302533707    7332.648574 0.020598   49.81729  159.89377  159.69786   75.77071   73.49158  2019  9  5 13:25:18.463004 
     920.00000000   -2507.91248961    5184.14774890   -4735.08902195 -6.584749198 -0.294754876  3.020117745    7332.681610 0.021018   49.81686  159.79673  160.14480  143.62230  142.17551  2019  9  5 13:45:18.463013 
     940.00000000   -7189.22765010    1734.82674916    1016.78475464 -0.302567476 -4.778082814  5.436785732    7339.437268 0.020266   49.83975  159.77086  158.57243  211.69372  212.92976  2019  9  5 14: 5:18.463022 
     960.00000000   -2990.91456982   -3817.59612814    5465.76854920  6.519720044 -3.338713412  1.031659150    7329.790779 0.020863   49.80757  159.71707  160.96245  277.33541  279.70168  2019  9  5 14:25:18.462990 
     980.00000000    4975.78982488   -4363.20284238    2794.32401141  5.027773087  2.600215170 -4.960785105    7337.203076 0.021227   49.83186  159.63331  159.13921  350.26083  350.66593  2019  9  5 14:45:18.462999 
    1000.00000000    6201.57481917     975.70477353   -3641.17309305 -3.209581481  5.118668421 -4.359409010    7335.279074 0.020738   49.82588  159.62088  160.81666   60.22638   58.17959  2019  9  5 15: 5:18.463008 
    1020.00000000    -804.31607362    5109.10444328   -5333.06585233 -6.978635427  0.968621737  1.814968773    7330.685680 0.021136   49.81020  159.52895  159.63543  130.36005  128.49547  2019  9  5 15:25:18.463017 
    1040.00000000   -6893.99380878    2883.81496725    -337.78777689 -1.990820488 -4.226069208  5.517270337    7339.699021 0.020107   49.84073  159.48603  159.50304  197.10967  197.79743  2019  9  5 15:45:18.462986 
    1060.00000000   -4503.27057942   -2864.83716928    5047.09589435  5.562243104 -4.205955807  2.351215890    7331.424425 0.021033   49.81277  159.45174  160.60376  263.47388  265.87258  2019  9  5 16: 5:18.462995 
    1080.00000000    3564.73333035   -4873.54609177    3912.80785001  6.172646444  1.344475434 -4.067347749    7334.505342 0.020854   49.82326  159.35633  159.37691  335.24555  336.23214  2019  9  5 16:25:18.463004 
    1100.00000000    6785.93130173    -336.84117333   -2462.86186224 -1.495276374  5.213584396 -5.154749846    7337.798859 0.021051   49.83395  159.34235  161.52656   44.95806   43.27252  2019  9  5 16:45:18.463013 
    1120.00000000     944.07764810    4717.83906976   -5618.01959826 -6.953844785  2.190882237  0.488907081    7329.544587 0.021055   49.80654  159.26457  159.22688  116.88431  114.71704  2019  9  5 17: 5:18.463022 
    1140.00000000   -6191.74958259    3862.00819516   -1672.88255989 -3.550740244 -3.417880992  5.279980422    7338.852707 0.020171   49.83789  159.20183  160.56011  182.43920  182.53909  2019  9  5 17:25:18.462990 
    1160.00000000   -5732.46937310   -1724.95010956    4321.91186858  4.277082634 -4.796842431  3.509496876    7333.768538 0.021027   49.82047  159.18208  159.94624  250.06212  252.33928  2019  9  5 17:45:18.462999 
    1180.00000000    1920.26696792   -5054.25455697    4778.16107399  6.899353970  0.002256041 -2.918494184    7331.866197 0.020573   49.81477  159.08524  160.19387  319.71673  321.22321  2019  9  5 18: 5:18.463008 
    1200.00000000    6924.78658743   -1631.51797549   -1127.15327630  0.334430600  4.957506618 -5.628226164    7339.534728 0.021379   49.83940  159.05915  161.58679   30.22831   29.01184  2019  9  5 18:25:18.463017 
    1220.00000000    2631.16340064    4029.78336642   -5568.98802516 -6.502089490  3.296438369 -0.884790461    7329.557160 0.020841   49.80680  159.00139  159.27043  102.82390  100.48731  2019  9  5 18:45:18.462986 
    1240.00000000   -5125.85572375    4609.95367698   -2911.79083617 -4.896434122 -2.400240981  4.739520597    7337.086869 0.020431   49.83185  158.92046  161.31659  168.07452  167.58338  2019  9  5 19: 5:18.462995 
    1260.00000000   -6607.60806988    -471.66461561    3338.06745450  2.751433845 -5.081687114  4.443262907    7336.252904 0.020824   49.82881  158.90716  159.40125  236.67862  238.68970  2019  9  5 19:25:18.463004 
    1280.00000000     152.97208132   -4894.94350825    5337.28926684  7.166383472 -1.330876720 -1.596027467    7329.978890 0.020510   49.80856  158.81914  161.22238  304.07631  306.00626  2019  9  5 19:45:18.463013 
    1300.00000000    6605.28093044   -2820.21267391     281.33641478  2.153695187  4.360359881 -5.740728887    7339.992153 0.021548   49.84077  158.77354  161.12291   15.94138   15.27361  2019  9  5 20: 5:18.463022 
    1320.00000000    4151.82511482    3083.29646362   -5183.95255271 -5.639185238  4.212170454 -2.225979731    7330.777110 0.020637   49.81104  158.73685  159.92047   88.01200   85.65006  2019  9  5 20:25:18.462990 
    1340.00000000   -3759.74491817    5081.28773691   -3983.16475473 -5.953140909 -1.230391576  3.924748840    7334.773317 0.020766   49.82395  158.64349  161.52499  154.22827  153.17896  2019  9  5 20:45:18.462999 
    1360.00000000   -7080.88033222     816.08454965    2157.06138429  1.081437565 -5.049957677  5.104968871    7338.318047 0.020505   49.83587  158.62730  159.32190  222.95175  224.57094  2019  9  5 21: 5:18.463008 
    1380.00000000   -1620.76200160   -4408.97827365    5558.53692219  6.967665739 -2.563721586 -0.190661927    7329.299847 0.020656   49.80615  158.55588  161.95767  288.85586  291.08456  2019  9  5 21:25:18.463017 
    1400.00000000    5846.65353644   -3820.69672520    1671.52368751  3.833492488  3.459873321 -5.479733351    7339.019741 0.021462   49.83763  158.48851  160.52960    1.73864    1.66521  2019  9  5 21:45:18.462986 
    1420.00000000    5408.24563428    1934.48335818   -4481.11682151 -4.407189726  4.872156425 -3.451285580    7332.968516 0.020589   49.81835  158.46855  161.00941   72.61226   70.37121  2019  9  5 22: 5:18.462995 
    1440.00000000   -2173.79792276    5245.15690125   -4824.39736879 -6.659869008  0.026000969  2.877801019    7332.400507 0.021031   49.81591  158.37159  161.22673  140.82593  139.28486  2019  9  5 22:25:18.463004 
